 mcnp     ver=6.mpi, ld=01/12/18  07/02/19 12:34:38                   
          Code Name & Version = MCNP6, 1.0
          Copyright LANS/LANL/DOE - see output file
  
     _/      _/        _/_/_/       _/      _/       _/_/_/         _/_/_/
    _/_/  _/_/      _/             _/_/    _/       _/    _/     _/       
   _/  _/  _/      _/             _/  _/  _/       _/_/_/       _/_/_/    
  _/      _/      _/             _/    _/_/       _/           _/    _/   
 _/      _/        _/_/_/       _/      _/       _/             _/_/      
  
  warning.  Physics models disabled.
 m3                                                                   
  warning.  material        3 is not used in the problem.
 m4                                                                   
  warning.  material        4 is not used in the problem.
 m7                                                                   
  warning.  material        7 is not used in the problem.
 m8                                                                   
  warning.  material        8 is not used in the problem.
 m9                                                                   
  warning.  material        9 is not used in the problem.
 m10                                                                  
  warning.  material       10 is not used in the problem.
 m11                                                                  
  warning.  material       11 is not used in the problem.
 
  comment.  total nubar used if fissionable isotopes are present.
  comment.          14 surfaces were deleted for being the same as others.
 comment. using random number generator  2, initial seed = 1                   
 imcn   is done

 runtpe already exists.  runtpf is created instead.
 runtpf already exists.  runtpg is created instead.
 runtpg already exists.  runtph is created instead.
 runtph already exists.  runtpi is created instead.
 runtpi already exists.  runtpj is created instead.
  warning.  neutron energy cutoff is below some cross-section tables.
  comment.     1 cross sections modified by free gas thermal treatment.

 ctm =        0.00   nrn =                 0
 dump    1 on file runtpj   nps =           0   coll =                0
 xact   is done

 cp0 =   0.06
 master starting      19 MPI slave tasks with       1 threads each  07/02/19 12:34:43 
 master broadcasting static commons...
 master broadcasting dynamic commons...
 master broadcasting cross section data...
 master completed initialization broadcasts.
 master set rendezvous nps =      100000,  work chunks =    19    07/02/19 12:34:43 
 master set rendezvous nps =      200000,  work chunks =    19    07/02/19 12:34:43 
 master set rendezvous nps =      300000,  work chunks =    19    07/02/19 12:34:43 
 master set rendezvous nps =      400000,  work chunks =    19    07/02/19 12:34:44 
 master set rendezvous nps =      500000,  work chunks =    19    07/02/19 12:34:44 
 master set rendezvous nps =      600000,  work chunks =    19    07/02/19 12:34:44 
 master set rendezvous nps =      700000,  work chunks =    19    07/02/19 12:34:44 
 master set rendezvous nps =      800000,  work chunks =    19    07/02/19 12:34:44 
 master set rendezvous nps =      900000,  work chunks =    19    07/02/19 12:34:44 
 master set rendezvous nps =     1000000,  work chunks =    19    07/02/19 12:34:45 
      run terminated when     1000000  particle histories were done.
  warning.     1 of   1 tallies had bins with large relative errors.

 ctm =        0.44   nrn =          20807735
 dump    2 on file runtpj   nps =     1000000   coll =          1427464
 mcrun  is done

